0 info it worked if it ends with ok
1 verbose cli [
1 verbose cli   'C:\\Program Files\\nodejs\\node.exe',
1 verbose cli   'C:\\Users\\Faruk\\AppData\\Roaming\\npm\\node_modules\\npm\\bin\\npm-cli.js',
1 verbose cli   'run',
1 verbose cli   'watch'
1 verbose cli ]
2 info using npm@6.14.7
3 info using node@v14.7.0
4 verbose run-script [ 'prewatch', 'watch', 'postwatch' ]
5 info lifecycle @~prewatch: @
6 info lifecycle @~watch: @
7 verbose lifecycle @~watch: unsafe-perm in lifecycle true
8 verbose lifecycle @~watch: PATH: C:\Users\Faruk\AppData\Roaming\npm\node_modules\npm\node_modules\npm-lifecycle\node-gyp-bin;C:\Users\Faruk\Music\RB-React\admin\portfolio\node_modules\.bin;C:\Users\Faruk\Music\RB-React\admin\portfolio\node_modules\.bin;C:\WINDOWS\system32;C:\WINDOWS;C:\WINDOWS\System32\Wbem;C:\WINDOWS\System32\WindowsPowerShell\v1.0\;C:\Program Files\Intel\WiFi\bin\;C:\Program Files\Common Files\Intel\WirelessCommon\;C:\WINDOWS\System32\OpenSSH\;C:\Program Files (x86)\Intel\Intel(R) Management Engine Components\DAL;C:\Program Files\Intel\Intel(R) Management Engine Components\DAL;C:\Program Files (x86)\Brackets\command;C:\xampp\php;C:\ProgramData\ComposerSetup\bin;C:\Program Files\Git\cmd;C:\Program Files\Git\mingw64\bin;C:\Program Files\Git\usr\bin;C:\Program Files\nodejs\;C:\Users\Faruk\AppData\Local\Microsoft\WindowsApps;C:\Users\Faruk\AppData\Local\atom\bin;C:\Users\Faruk\AppData\Local\Programs\Microsoft VS Code\bin;C:\Users\Faruk\AppData\Roaming\Composer\vendor\bin;C:\Users\Faruk\AppData\Roaming\npm
9 verbose lifecycle @~watch: CWD: C:\Users\Faruk\Music\RB-React\admin\portfolio
10 silly lifecycle @~watch: Args: [ '/d /s /c', 'npm run development -- --watch' ]
11 silly lifecycle @~watch: Returned: code: 1  signal: null
12 info lifecycle @~watch: Failed to exec watch script
13 verbose stack Error: @ watch: `npm run development -- --watch`
13 verbose stack Exit status 1
13 verbose stack     at EventEmitter.<anonymous> (C:\Users\Faruk\AppData\Roaming\npm\node_modules\npm\node_modules\npm-lifecycle\index.js:332:16)
13 verbose stack     at EventEmitter.emit (events.js:314:20)
13 verbose stack     at ChildProcess.<anonymous> (C:\Users\Faruk\AppData\Roaming\npm\node_modules\npm\node_modules\npm-lifecycle\lib\spawn.js:55:14)
13 verbose stack     at ChildProcess.emit (events.js:314:20)
13 verbose stack     at maybeClose (internal/child_process.js:1051:16)
13 verbose stack     at Process.ChildProcess._handle.onexit (internal/child_process.js:287:5)
14 verbose pkgid @
15 verbose cwd C:\Users\Faruk\Music\RB-React\admin\portfolio
16 verbose Windows_NT 10.0.18362
17 verbose argv "C:\\Program Files\\nodejs\\node.exe" "C:\\Users\\Faruk\\AppData\\Roaming\\npm\\node_modules\\npm\\bin\\npm-cli.js" "run" "watch"
18 verbose node v14.7.0
19 verbose npm  v6.14.7
20 error code ELIFECYCLE
21 error errno 1
22 error @ watch: `npm run development -- --watch`
22 error Exit status 1
23 error Failed at the @ watch script.
23 error This is probably not a problem with npm. There is likely additional logging output above.
24 verbose exit [ 1, true ]
